<?xml version="1.0" encoding="UTF-8"?>
<robot generator="Robot 6.1.1 (Python 3.12.0 on win32)" generated="20231129 14:42:20.447" rpa="false" schemaversion="4">
<suite id="s1" name="WorkcalcFront" source="F:\haagaheli\workcalculator\work-calculator-front\src\test\WorkcalcFront.robot">
<test id="s1-t1" name="View calculator" line="13">
<kw name="Open Browser" library="SeleniumLibrary">
<arg>${URL}</arg>
<arg>${Browser}</arg>
<doc>Opens a new browser instance to the optional ``url``.</doc>
<msg timestamp="20231129 14:42:20.576" level="INFO">Opening browser 'Chrome' to base url 'http://localhost:5173'.</msg>
<status status="PASS" starttime="20231129 14:42:20.576" endtime="20231129 14:42:24.654"/>
</kw>
<kw name="Page Should Contain" library="SeleniumLibrary">
<arg>Työtunti laskuri</arg>
<doc>Verifies that current page contains ``text``.</doc>
<msg timestamp="20231129 14:42:24.669" level="INFO">Current page contains text 'Työtunti laskuri'.</msg>
<status status="PASS" starttime="20231129 14:42:24.654" endtime="20231129 14:42:24.669"/>
</kw>
<status status="PASS" starttime="20231129 14:42:20.575" endtime="20231129 14:42:24.669"/>
</test>
<test id="s1-t2" name="Test &quot;Laske&quot; and &quot;Tyhjennä&quot; buttons" line="19">
<kw name="Open Browser" library="SeleniumLibrary">
<arg>${URL}</arg>
<arg>${Browser}</arg>
<doc>Opens a new browser instance to the optional ``url``.</doc>
<msg timestamp="20231129 14:42:24.670" level="INFO">Opening browser 'Chrome' to base url 'http://localhost:5173'.</msg>
<status status="PASS" starttime="20231129 14:42:24.670" endtime="20231129 14:42:26.383"/>
</kw>
<kw name="Click Button" library="SeleniumLibrary">
<arg>xpath=//button[contains(text(), 'Laske')]</arg>
<doc>Clicks the button identified by ``locator``.</doc>
<msg timestamp="20231129 14:42:26.384" level="INFO">Clicking button 'xpath=//button[contains(text(), 'Laske')]'.</msg>
<status status="PASS" starttime="20231129 14:42:26.384" endtime="20231129 14:42:26.452"/>
</kw>
<kw name="Page Should Contain" library="SeleniumLibrary">
<arg>Työaika tunteina ja minuutteina</arg>
<doc>Verifies that current page contains ``text``.</doc>
<msg timestamp="20231129 14:42:26.462" level="INFO">Current page contains text 'Työaika tunteina ja minuutteina'.</msg>
<status status="PASS" starttime="20231129 14:42:26.452" endtime="20231129 14:42:26.462"/>
</kw>
<kw name="Click Button" library="SeleniumLibrary">
<arg>xpath=//button[contains(text(), 'Tyhjennä')]</arg>
<doc>Clicks the button identified by ``locator``.</doc>
<msg timestamp="20231129 14:42:26.463" level="INFO">Clicking button 'xpath=//button[contains(text(), 'Tyhjennä')]'.</msg>
<status status="PASS" starttime="20231129 14:42:26.463" endtime="20231129 14:42:26.513"/>
</kw>
<kw name="Page Should Not Contain" library="SeleniumLibrary">
<arg>Työaika tunteina ja minuutteina</arg>
<doc>Verifies the current page does not contain ``text``.</doc>
<msg timestamp="20231129 14:42:26.525" level="INFO">Current page does not contain text 'Työaika tunteina ja minuutteina'.</msg>
<status status="PASS" starttime="20231129 14:42:26.513" endtime="20231129 14:42:26.525"/>
</kw>
<kw name="Close Browser" library="SeleniumLibrary">
<doc>Closes the current browser.</doc>
<status status="PASS" starttime="20231129 14:42:26.525" endtime="20231129 14:42:28.605"/>
</kw>
<status status="PASS" starttime="20231129 14:42:24.669" endtime="20231129 14:42:28.605"/>
</test>
<test id="s1-t3" name="Fill TimePicker Field and Test calculator" line="29">
<kw name="Open Browser" library="SeleniumLibrary">
<arg>${URL}</arg>
<arg>${Browser}</arg>
<doc>Opens a new browser instance to the optional ``url``.</doc>
<msg timestamp="20231129 14:42:28.607" level="INFO">Opening browser 'Chrome' to base url 'http://localhost:5173'.</msg>
<status status="PASS" starttime="20231129 14:42:28.607" endtime="20231129 14:42:30.305"/>
</kw>
<kw name="Wait Until Element Is Visible" library="SeleniumLibrary">
<arg>xpath=/html/body/div/div[2]/div/div[1]/div/div/input</arg>
<doc>Waits until the element ``locator`` is visible.</doc>
<status status="PASS" starttime="20231129 14:42:30.306" endtime="20231129 14:42:30.323"/>
</kw>
<kw name="Press Keys" library="SeleniumLibrary">
<arg>xpath=/html/body/div/div[2]/div/div[1]/div/div/input</arg>
<arg>12:00</arg>
<doc>Simulates the user pressing key(s) to an element or on the active browser.</doc>
<msg timestamp="20231129 14:42:30.324" level="INFO">Sending key(s) ('12:00',) to xpath=/html/body/div/div[2]/div/div[1]/div/div/input element.</msg>
<msg timestamp="20231129 14:42:30.770" level="INFO">Sending keys 12:00</msg>
<status status="PASS" starttime="20231129 14:42:30.324" endtime="20231129 14:42:30.814"/>
</kw>
<kw name="Press Keys" library="SeleniumLibrary">
<arg>xpath=/html/body/div/div[2]/div/div[2]/div/div/input</arg>
<arg>19:00</arg>
<doc>Simulates the user pressing key(s) to an element or on the active browser.</doc>
<msg timestamp="20231129 14:42:30.815" level="INFO">Sending key(s) ('19:00',) to xpath=/html/body/div/div[2]/div/div[2]/div/div/input element.</msg>
<msg timestamp="20231129 14:42:31.109" level="INFO">Sending keys 19:00</msg>
<status status="PASS" starttime="20231129 14:42:30.814" endtime="20231129 14:42:31.151"/>
</kw>
<kw name="Press Keys" library="SeleniumLibrary">
<arg>xpath=/html/body/div/div[2]/div/div[3]/div/div/input</arg>
<arg>15</arg>
<doc>Simulates the user pressing key(s) to an element or on the active browser.</doc>
<msg timestamp="20231129 14:42:31.151" level="INFO">Sending key(s) ('15',) to xpath=/html/body/div/div[2]/div/div[3]/div/div/input element.</msg>
<msg timestamp="20231129 14:42:31.430" level="INFO">Sending keys 15</msg>
<status status="PASS" starttime="20231129 14:42:31.151" endtime="20231129 14:42:31.454"/>
</kw>
<kw name="Press Keys" library="SeleniumLibrary">
<arg>xpath=/html/body/div/div[2]/div/div[4]/div/div/input</arg>
<arg>15</arg>
<doc>Simulates the user pressing key(s) to an element or on the active browser.</doc>
<msg timestamp="20231129 14:42:31.455" level="INFO">Sending key(s) ('15',) to xpath=/html/body/div/div[2]/div/div[4]/div/div/input element.</msg>
<msg timestamp="20231129 14:42:31.726" level="INFO">Sending keys 15</msg>
<status status="PASS" starttime="20231129 14:42:31.454" endtime="20231129 14:42:31.749"/>
</kw>
<kw name="Click Button" library="SeleniumLibrary">
<arg>xpath=//button[contains(text(), 'Laske')]</arg>
<doc>Clicks the button identified by ``locator``.</doc>
<msg timestamp="20231129 14:42:31.749" level="INFO">Clicking button 'xpath=//button[contains(text(), 'Laske')]'.</msg>
<status status="PASS" starttime="20231129 14:42:31.749" endtime="20231129 14:42:31.801"/>
</kw>
<kw name="Page Should Contain" library="SeleniumLibrary">
<arg>Työaika tunteina ja minuutteina: 7h 0min</arg>
<doc>Verifies that current page contains ``text``.</doc>
<msg timestamp="20231129 14:42:31.811" level="INFO">Current page contains text 'Työaika tunteina ja minuutteina: 7h 0min'.</msg>
<status status="PASS" starttime="20231129 14:42:31.802" endtime="20231129 14:42:31.811"/>
</kw>
<kw name="Page Should Contain" library="SeleniumLibrary">
<arg>Työaika desimaalitunteina: 7.00</arg>
<doc>Verifies that current page contains ``text``.</doc>
<msg timestamp="20231129 14:42:31.820" level="INFO">Current page contains text 'Työaika desimaalitunteina: 7.00'.</msg>
<status status="PASS" starttime="20231129 14:42:31.811" endtime="20231129 14:42:31.820"/>
</kw>
<kw name="Page Should Contain" library="SeleniumLibrary">
<arg>Työaika minuutteina: 420min</arg>
<doc>Verifies that current page contains ``text``.</doc>
<msg timestamp="20231129 14:42:31.829" level="INFO">Current page contains text 'Työaika minuutteina: 420min'.</msg>
<status status="PASS" starttime="20231129 14:42:31.820" endtime="20231129 14:42:31.829"/>
</kw>
<kw name="Page Should Contain" library="SeleniumLibrary">
<arg>Tulot ennen veroja: 105.00€</arg>
<doc>Verifies that current page contains ``text``.</doc>
<msg timestamp="20231129 14:42:31.838" level="INFO">Current page contains text 'Tulot ennen veroja: 105.00€'.</msg>
<status status="PASS" starttime="20231129 14:42:31.829" endtime="20231129 14:42:31.838"/>
</kw>
<kw name="Page Should Contain" library="SeleniumLibrary">
<arg>Tulot verojen jälkeen: 89.25€</arg>
<doc>Verifies that current page contains ``text``.</doc>
<msg timestamp="20231129 14:42:31.846" level="INFO">Current page contains text 'Tulot verojen jälkeen: 89.25€'.</msg>
<status status="PASS" starttime="20231129 14:42:31.838" endtime="20231129 14:42:31.847"/>
</kw>
<kw name="Close Browser" library="SeleniumLibrary">
<doc>Closes the current browser.</doc>
<status status="PASS" starttime="20231129 14:42:31.847" endtime="20231129 14:42:33.912"/>
</kw>
<status status="PASS" starttime="20231129 14:42:28.606" endtime="20231129 14:42:33.912"/>
</test>
<test id="s1-t4" name="Try Login" line="46">
<kw name="Open Browser" library="SeleniumLibrary">
<arg>${LOGIN}</arg>
<arg>${Browser}</arg>
<doc>Opens a new browser instance to the optional ``url``.</doc>
<msg timestamp="20231129 14:42:33.914" level="INFO">Opening browser 'Chrome' to base url 'http://localhost:5173/login'.</msg>
<status status="PASS" starttime="20231129 14:42:33.913" endtime="20231129 14:42:35.593"/>
</kw>
<kw name="Wait Until Element Is Visible" library="SeleniumLibrary">
<arg>xpath=/html/body/div/div[2]/div/div[2]/div/div[1]/div/div/input</arg>
<doc>Waits until the element ``locator`` is visible.</doc>
<status status="PASS" starttime="20231129 14:42:35.593" endtime="20231129 14:42:35.611"/>
</kw>
<kw name="Press Keys" library="SeleniumLibrary">
<arg>xpath=/html/body/div/div[2]/div/div[2]/div/div[1]/div/div/input</arg>
<arg>${Username}</arg>
<doc>Simulates the user pressing key(s) to an element or on the active browser.</doc>
<msg timestamp="20231129 14:42:35.612" level="INFO">Sending key(s) ('atte',) to xpath=/html/body/div/div[2]/div/div[2]/div/div[1]/div/div/input element.</msg>
<msg timestamp="20231129 14:42:35.987" level="INFO">Sending keys atte</msg>
<status status="PASS" starttime="20231129 14:42:35.611" endtime="20231129 14:42:36.014"/>
</kw>
<kw name="Press Keys" library="SeleniumLibrary">
<arg>xpath=/html/body/div/div[2]/div/div[2]/div/div[2]/div/div/input</arg>
<arg>${Password}</arg>
<doc>Simulates the user pressing key(s) to an element or on the active browser.</doc>
<msg timestamp="20231129 14:42:36.015" level="INFO">Sending key(s) ('user',) to xpath=/html/body/div/div[2]/div/div[2]/div/div[2]/div/div/input element.</msg>
<msg timestamp="20231129 14:42:36.295" level="INFO">Sending keys user</msg>
<status status="PASS" starttime="20231129 14:42:36.015" endtime="20231129 14:42:36.319"/>
</kw>
<kw name="Click Button" library="SeleniumLibrary">
<arg>xpath=//button[contains(text(), 'Login')]</arg>
<doc>Clicks the button identified by ``locator``.</doc>
<msg timestamp="20231129 14:42:36.319" level="INFO">Clicking button 'xpath=//button[contains(text(), 'Login')]'.</msg>
<status status="PASS" starttime="20231129 14:42:36.319" endtime="20231129 14:42:36.365"/>
</kw>
<kw name="Wait Until Element Is Visible" library="SeleniumLibrary">
<arg>xpath=/html/body/div/div[1]/header/div/button[2]</arg>
<doc>Waits until the element ``locator`` is visible.</doc>
<status status="PASS" starttime="20231129 14:42:36.365" endtime="20231129 14:42:36.791"/>
</kw>
<kw name="Page Should Contain" library="SeleniumLibrary">
<arg>Kirjaudu ulos</arg>
<doc>Verifies that current page contains ``text``.</doc>
<msg timestamp="20231129 14:42:36.799" level="INFO">Current page contains text 'Kirjaudu ulos'.</msg>
<status status="PASS" starttime="20231129 14:42:36.791" endtime="20231129 14:42:36.800"/>
</kw>
<kw name="Close Browser" library="SeleniumLibrary">
<doc>Closes the current browser.</doc>
<status status="PASS" starttime="20231129 14:42:36.800" endtime="20231129 14:42:38.857"/>
</kw>
<status status="PASS" starttime="20231129 14:42:33.913" endtime="20231129 14:42:38.857"/>
</test>
<test id="s1-t5" name="Delete work shift" line="58">
<kw name="Open Browser" library="SeleniumLibrary">
<arg>${LOGIN}</arg>
<arg>${Browser}</arg>
<doc>Opens a new browser instance to the optional ``url``.</doc>
<msg timestamp="20231129 14:42:38.859" level="INFO">Opening browser 'Chrome' to base url 'http://localhost:5173/login'.</msg>
<status status="PASS" starttime="20231129 14:42:38.859" endtime="20231129 14:42:40.514"/>
</kw>
<kw name="Wait Until Element Is Visible" library="SeleniumLibrary">
<arg>xpath=/html/body/div/div[2]/div/div[2]/div/div[1]/div/div/input</arg>
<doc>Waits until the element ``locator`` is visible.</doc>
<status status="PASS" starttime="20231129 14:42:40.514" endtime="20231129 14:42:40.534"/>
</kw>
<kw name="Press Keys" library="SeleniumLibrary">
<arg>xpath=/html/body/div/div[2]/div/div[2]/div/div[1]/div/div/input</arg>
<arg>${Username}</arg>
<doc>Simulates the user pressing key(s) to an element or on the active browser.</doc>
<msg timestamp="20231129 14:42:40.534" level="INFO">Sending key(s) ('atte',) to xpath=/html/body/div/div[2]/div/div[2]/div/div[1]/div/div/input element.</msg>
<msg timestamp="20231129 14:42:40.904" level="INFO">Sending keys atte</msg>
<status status="PASS" starttime="20231129 14:42:40.534" endtime="20231129 14:42:40.931"/>
</kw>
<kw name="Press Keys" library="SeleniumLibrary">
<arg>xpath=/html/body/div/div[2]/div/div[2]/div/div[2]/div/div/input</arg>
<arg>${Password}</arg>
<doc>Simulates the user pressing key(s) to an element or on the active browser.</doc>
<msg timestamp="20231129 14:42:40.932" level="INFO">Sending key(s) ('user',) to xpath=/html/body/div/div[2]/div/div[2]/div/div[2]/div/div/input element.</msg>
<msg timestamp="20231129 14:42:41.211" level="INFO">Sending keys user</msg>
<status status="PASS" starttime="20231129 14:42:40.932" endtime="20231129 14:42:41.232"/>
</kw>
<kw name="Click Button" library="SeleniumLibrary">
<arg>xpath=//button[contains(text(), 'Login')]</arg>
<doc>Clicks the button identified by ``locator``.</doc>
<msg timestamp="20231129 14:42:41.233" level="INFO">Clicking button 'xpath=//button[contains(text(), 'Login')]'.</msg>
<status status="PASS" starttime="20231129 14:42:41.233" endtime="20231129 14:42:41.279"/>
</kw>
<kw name="Wait Until Element Is Visible" library="SeleniumLibrary">
<arg>xpath=/html/body/div/div[1]/header/div/button[1]</arg>
<doc>Waits until the element ``locator`` is visible.</doc>
<status status="PASS" starttime="20231129 14:42:41.279" endtime="20231129 14:42:41.706"/>
</kw>
<kw name="Click Button" library="SeleniumLibrary">
<arg>xpath=/html/body/div/div[1]/header/div/button[1]</arg>
<doc>Clicks the button identified by ``locator``.</doc>
<msg timestamp="20231129 14:42:41.706" level="INFO">Clicking button 'xpath=/html/body/div/div[1]/header/div/button[1]'.</msg>
<status status="PASS" starttime="20231129 14:42:41.706" endtime="20231129 14:42:41.757"/>
</kw>
<kw name="Wait Until Element Is Visible" library="SeleniumLibrary">
<arg>xpath=//a[@href='/hours']</arg>
<doc>Waits until the element ``locator`` is visible.</doc>
<status status="PASS" starttime="20231129 14:42:41.757" endtime="20231129 14:42:41.769"/>
</kw>
<kw name="Click Element" library="SeleniumLibrary">
<arg>xpath=//a[@href='/hours']</arg>
<doc>Click the element identified by ``locator``.</doc>
<msg timestamp="20231129 14:42:41.769" level="INFO">Clicking element 'xpath=//a[@href='/hours']'.</msg>
<status status="PASS" starttime="20231129 14:42:41.769" endtime="20231129 14:42:41.858"/>
</kw>
<kw name="Sleep" library="BuiltIn">
<arg>${Sleep}</arg>
<doc>Pauses the test executed for the given time.</doc>
<msg timestamp="20231129 14:42:44.858" level="INFO">Slept 3 seconds</msg>
<status status="PASS" starttime="20231129 14:42:41.858" endtime="20231129 14:42:44.858"/>
</kw>
<kw name="Click Button" library="SeleniumLibrary">
<arg>xpath=/html/body/div/div[2]/div/div/div[1]/div[2]/div[3]/div[1]/div[2]/div/div[3]/div[3]/button</arg>
<doc>Clicks the button identified by ``locator``.</doc>
<msg timestamp="20231129 14:42:44.858" level="INFO">Clicking button 'xpath=/html/body/div/div[2]/div/div/div[1]/div[2]/div[3]/div[1]/div[2]/div/div[3]/div[3]/button'.</msg>
<status status="PASS" starttime="20231129 14:42:44.858" endtime="20231129 14:42:44.899"/>
</kw>
<kw name="Sleep" library="BuiltIn">
<arg>${Sleep}</arg>
<doc>Pauses the test executed for the given time.</doc>
<msg timestamp="20231129 14:42:47.899" level="INFO">Slept 3 seconds</msg>
<status status="PASS" starttime="20231129 14:42:44.899" endtime="20231129 14:42:47.899"/>
</kw>
<kw name="Handle Alert" library="SeleniumLibrary">
<arg>action=accept</arg>
<doc>Handles the current alert and returns its message.</doc>
<msg timestamp="20231129 14:42:47.899" level="INFO">HANDLE::&lt;class 'NoneType'&gt;::None</msg>
<status status="PASS" starttime="20231129 14:42:47.899" endtime="20231129 14:42:47.902"/>
</kw>
<kw name="Sleep" library="BuiltIn">
<arg>${Sleep}</arg>
<doc>Pauses the test executed for the given time.</doc>
<msg timestamp="20231129 14:42:50.904" level="INFO">Slept 3 seconds</msg>
<status status="PASS" starttime="20231129 14:42:47.903" endtime="20231129 14:42:50.904"/>
</kw>
<kw name="Page Should Contain" library="SeleniumLibrary">
<arg>Entry deleted successfully</arg>
<doc>Verifies that current page contains ``text``.</doc>
<msg timestamp="20231129 14:42:50.914" level="INFO">Current page contains text 'Entry deleted successfully'.</msg>
<status status="PASS" starttime="20231129 14:42:50.904" endtime="20231129 14:42:50.914"/>
</kw>
<kw name="Close Browser" library="SeleniumLibrary">
<doc>Closes the current browser.</doc>
<status status="PASS" starttime="20231129 14:42:50.914" endtime="20231129 14:42:52.993"/>
</kw>
<status status="PASS" starttime="20231129 14:42:38.858" endtime="20231129 14:42:52.993"/>
</test>
<test id="s1-t6" name="username too short passwords doesn't match" line="78">
<kw name="Open Browser" library="SeleniumLibrary">
<arg>${LOGIN}</arg>
<arg>${Browser}</arg>
<doc>Opens a new browser instance to the optional ``url``.</doc>
<msg timestamp="20231129 14:42:52.995" level="INFO">Opening browser 'Chrome' to base url 'http://localhost:5173/login'.</msg>
<status status="PASS" starttime="20231129 14:42:52.994" endtime="20231129 14:42:54.691"/>
</kw>
<kw name="Wait Until Element Is Visible" library="SeleniumLibrary">
<arg>xpath=/html/body/div/div[2]/div/div[2]/div/div[1]/div/div/input</arg>
<doc>Waits until the element ``locator`` is visible.</doc>
<status status="PASS" starttime="20231129 14:42:54.691" endtime="20231129 14:42:54.708"/>
</kw>
<kw name="Click Button" library="SeleniumLibrary">
<arg>xpath=/html/body/div/div[2]/div/div[1]/div/div/div/button[2]</arg>
<doc>Clicks the button identified by ``locator``.</doc>
<msg timestamp="20231129 14:42:54.709" level="INFO">Clicking button 'xpath=/html/body/div/div[2]/div/div[1]/div/div/div/button[2]'.</msg>
<status status="PASS" starttime="20231129 14:42:54.709" endtime="20231129 14:42:54.772"/>
</kw>
<kw name="Press Keys" library="SeleniumLibrary">
<arg>xpath=/html/body/div/div[2]/div/div[2]/div[1]/div[1]/div/div/input</arg>
<arg>tim</arg>
<doc>Simulates the user pressing key(s) to an element or on the active browser.</doc>
<msg timestamp="20231129 14:42:54.773" level="INFO">Sending key(s) ('tim',) to xpath=/html/body/div/div[2]/div/div[2]/div[1]/div[1]/div/div/input element.</msg>
<msg timestamp="20231129 14:42:55.082" level="INFO">Sending keys tim</msg>
<status status="PASS" starttime="20231129 14:42:54.773" endtime="20231129 14:42:55.106"/>
</kw>
<kw name="Press Keys" library="SeleniumLibrary">
<arg>xpath=/html/body/div/div[2]/div/div[2]/div[1]/div[2]/div/div/input</arg>
<arg>tiMo1234</arg>
<doc>Simulates the user pressing key(s) to an element or on the active browser.</doc>
<msg timestamp="20231129 14:42:55.107" level="INFO">Sending key(s) ('tiMo1234',) to xpath=/html/body/div/div[2]/div/div[2]/div[1]/div[2]/div/div/input element.</msg>
<msg timestamp="20231129 14:42:55.384" level="INFO">Sending keys tiMo1234</msg>
<status status="PASS" starttime="20231129 14:42:55.106" endtime="20231129 14:42:55.435"/>
</kw>
<kw name="Press Keys" library="SeleniumLibrary">
<arg>xpath=/html/body/div/div[2]/div/div[2]/div[1]/div[3]/div/div/input</arg>
<arg>tiMo1234</arg>
<doc>Simulates the user pressing key(s) to an element or on the active browser.</doc>
<msg timestamp="20231129 14:42:55.435" level="INFO">Sending key(s) ('tiMo1234',) to xpath=/html/body/div/div[2]/div/div[2]/div[1]/div[3]/div/div/input element.</msg>
<msg timestamp="20231129 14:42:55.713" level="INFO">Sending keys tiMo1234</msg>
<status status="PASS" starttime="20231129 14:42:55.435" endtime="20231129 14:42:55.761"/>
</kw>
<kw name="Click Button" library="SeleniumLibrary">
<arg>xpath=//button[contains(text(), 'Sign up')]</arg>
<doc>Clicks the button identified by ``locator``.</doc>
<msg timestamp="20231129 14:42:55.762" level="INFO">Clicking button 'xpath=//button[contains(text(), 'Sign up')]'.</msg>
<status status="PASS" starttime="20231129 14:42:55.761" endtime="20231129 14:42:55.812"/>
</kw>
<kw name="Sleep" library="BuiltIn">
<arg>${Sleep}</arg>
<doc>Pauses the test executed for the given time.</doc>
<msg timestamp="20231129 14:42:58.812" level="INFO">Slept 3 seconds</msg>
<status status="PASS" starttime="20231129 14:42:55.812" endtime="20231129 14:42:58.812"/>
</kw>
<kw name="Page Should Contain" library="SeleniumLibrary">
<arg>Käyttäjänimen on oltava vähintään 4 merkkiä pitkä</arg>
<doc>Verifies that current page contains ``text``.</doc>
<msg timestamp="20231129 14:42:58.824" level="INFO">Current page contains text 'Käyttäjänimen on oltava vähintään 4 merkkiä pitkä'.</msg>
<status status="PASS" starttime="20231129 14:42:58.812" endtime="20231129 14:42:58.824"/>
</kw>
<kw name="Close Browser" library="SeleniumLibrary">
<doc>Closes the current browser.</doc>
<status status="PASS" starttime="20231129 14:42:58.824" endtime="20231129 14:43:00.902"/>
</kw>
<status status="PASS" starttime="20231129 14:42:52.994" endtime="20231129 14:43:00.902"/>
</test>
<test id="s1-t7" name="username taken" line="90">
<kw name="Open Browser" library="SeleniumLibrary">
<arg>${LOGIN}</arg>
<arg>${Browser}</arg>
<doc>Opens a new browser instance to the optional ``url``.</doc>
<msg timestamp="20231129 14:43:00.904" level="INFO">Opening browser 'Chrome' to base url 'http://localhost:5173/login'.</msg>
<status status="PASS" starttime="20231129 14:43:00.904" endtime="20231129 14:43:02.586"/>
</kw>
<kw name="Wait Until Element Is Visible" library="SeleniumLibrary">
<arg>xpath=/html/body/div/div[2]/div/div[2]/div/div[1]/div/div/input</arg>
<doc>Waits until the element ``locator`` is visible.</doc>
<status status="PASS" starttime="20231129 14:43:02.586" endtime="20231129 14:43:02.603"/>
</kw>
<kw name="Click Button" library="SeleniumLibrary">
<arg>xpath=/html/body/div/div[2]/div/div[1]/div/div/div/button[2]</arg>
<doc>Clicks the button identified by ``locator``.</doc>
<msg timestamp="20231129 14:43:02.604" level="INFO">Clicking button 'xpath=/html/body/div/div[2]/div/div[1]/div/div/div/button[2]'.</msg>
<status status="PASS" starttime="20231129 14:43:02.604" endtime="20231129 14:43:02.668"/>
</kw>
<kw name="Press Keys" library="SeleniumLibrary">
<arg>xpath=/html/body/div/div[2]/div/div[2]/div[1]/div[1]/div/div/input</arg>
<arg>niko</arg>
<doc>Simulates the user pressing key(s) to an element or on the active browser.</doc>
<msg timestamp="20231129 14:43:02.669" level="INFO">Sending key(s) ('niko',) to xpath=/html/body/div/div[2]/div/div[2]/div[1]/div[1]/div/div/input element.</msg>
<msg timestamp="20231129 14:43:02.982" level="INFO">Sending keys niko</msg>
<status status="PASS" starttime="20231129 14:43:02.669" endtime="20231129 14:43:03.012"/>
</kw>
<kw name="Press Keys" library="SeleniumLibrary">
<arg>xpath=/html/body/div/div[2]/div/div[2]/div[1]/div[2]/div/div/input</arg>
<arg>tiMo1234</arg>
<doc>Simulates the user pressing key(s) to an element or on the active browser.</doc>
<msg timestamp="20231129 14:43:03.012" level="INFO">Sending key(s) ('tiMo1234',) to xpath=/html/body/div/div[2]/div/div[2]/div[1]/div[2]/div/div/input element.</msg>
<msg timestamp="20231129 14:43:03.295" level="INFO">Sending keys tiMo1234</msg>
<status status="PASS" starttime="20231129 14:43:03.012" endtime="20231129 14:43:03.343"/>
</kw>
<kw name="Press Keys" library="SeleniumLibrary">
<arg>xpath=/html/body/div/div[2]/div/div[2]/div[1]/div[3]/div/div/input</arg>
<arg>tiMo1234</arg>
<doc>Simulates the user pressing key(s) to an element or on the active browser.</doc>
<msg timestamp="20231129 14:43:03.344" level="INFO">Sending key(s) ('tiMo1234',) to xpath=/html/body/div/div[2]/div/div[2]/div[1]/div[3]/div/div/input element.</msg>
<msg timestamp="20231129 14:43:03.630" level="INFO">Sending keys tiMo1234</msg>
<status status="PASS" starttime="20231129 14:43:03.343" endtime="20231129 14:43:03.678"/>
</kw>
<kw name="Click Button" library="SeleniumLibrary">
<arg>xpath=//button[contains(text(), 'Sign up')]</arg>
<doc>Clicks the button identified by ``locator``.</doc>
<msg timestamp="20231129 14:43:03.678" level="INFO">Clicking button 'xpath=//button[contains(text(), 'Sign up')]'.</msg>
<status status="PASS" starttime="20231129 14:43:03.678" endtime="20231129 14:43:03.716"/>
</kw>
<kw name="Sleep" library="BuiltIn">
<arg>${Sleep}</arg>
<doc>Pauses the test executed for the given time.</doc>
<msg timestamp="20231129 14:43:06.716" level="INFO">Slept 3 seconds</msg>
<status status="PASS" starttime="20231129 14:43:03.716" endtime="20231129 14:43:06.716"/>
</kw>
<kw name="Page Should Contain" library="SeleniumLibrary">
<arg>Käyttäjänimi on jo käytössä</arg>
<doc>Verifies that current page contains ``text``.</doc>
<msg timestamp="20231129 14:43:06.727" level="INFO">Current page contains text 'Käyttäjänimi on jo käytössä'.</msg>
<status status="PASS" starttime="20231129 14:43:06.716" endtime="20231129 14:43:06.727"/>
</kw>
<kw name="Close Browser" library="SeleniumLibrary">
<doc>Closes the current browser.</doc>
<status status="PASS" starttime="20231129 14:43:06.728" endtime="20231129 14:43:08.797"/>
</kw>
<status status="PASS" starttime="20231129 14:43:00.903" endtime="20231129 14:43:08.797"/>
</test>
<test id="s1-t8" name="password too short" line="102">
<kw name="Open Browser" library="SeleniumLibrary">
<arg>${LOGIN}</arg>
<arg>${Browser}</arg>
<doc>Opens a new browser instance to the optional ``url``.</doc>
<msg timestamp="20231129 14:43:08.799" level="INFO">Opening browser 'Chrome' to base url 'http://localhost:5173/login'.</msg>
<status status="PASS" starttime="20231129 14:43:08.799" endtime="20231129 14:43:10.458"/>
</kw>
<kw name="Wait Until Element Is Visible" library="SeleniumLibrary">
<arg>xpath=/html/body/div/div[2]/div/div[2]/div/div[1]/div/div/input</arg>
<doc>Waits until the element ``locator`` is visible.</doc>
<status status="PASS" starttime="20231129 14:43:10.459" endtime="20231129 14:43:10.476"/>
</kw>
<kw name="Click Button" library="SeleniumLibrary">
<arg>xpath=/html/body/div/div[2]/div/div[1]/div/div/div/button[2]</arg>
<doc>Clicks the button identified by ``locator``.</doc>
<msg timestamp="20231129 14:43:10.476" level="INFO">Clicking button 'xpath=/html/body/div/div[2]/div/div[1]/div/div/div/button[2]'.</msg>
<status status="PASS" starttime="20231129 14:43:10.476" endtime="20231129 14:43:10.539"/>
</kw>
<kw name="Press Keys" library="SeleniumLibrary">
<arg>xpath=/html/body/div/div[2]/div/div[2]/div[1]/div[1]/div/div/input</arg>
<arg>timo1</arg>
<doc>Simulates the user pressing key(s) to an element or on the active browser.</doc>
<msg timestamp="20231129 14:43:10.541" level="INFO">Sending key(s) ('timo1',) to xpath=/html/body/div/div[2]/div/div[2]/div[1]/div[1]/div/div/input element.</msg>
<msg timestamp="20231129 14:43:10.862" level="INFO">Sending keys timo1</msg>
<status status="PASS" starttime="20231129 14:43:10.540" endtime="20231129 14:43:10.898"/>
</kw>
<kw name="Press Keys" library="SeleniumLibrary">
<arg>xpath=/html/body/div/div[2]/div/div[2]/div[1]/div[2]/div/div/input</arg>
<arg>tiMo123</arg>
<doc>Simulates the user pressing key(s) to an element or on the active browser.</doc>
<msg timestamp="20231129 14:43:10.898" level="INFO">Sending key(s) ('tiMo123',) to xpath=/html/body/div/div[2]/div/div[2]/div[1]/div[2]/div/div/input element.</msg>
<msg timestamp="20231129 14:43:11.178" level="INFO">Sending keys tiMo123</msg>
<status status="PASS" starttime="20231129 14:43:10.898" endtime="20231129 14:43:11.220"/>
</kw>
<kw name="Press Keys" library="SeleniumLibrary">
<arg>xpath=/html/body/div/div[2]/div/div[2]/div[1]/div[3]/div/div/input</arg>
<arg>tiMo123</arg>
<doc>Simulates the user pressing key(s) to an element or on the active browser.</doc>
<msg timestamp="20231129 14:43:11.221" level="INFO">Sending key(s) ('tiMo123',) to xpath=/html/body/div/div[2]/div/div[2]/div[1]/div[3]/div/div/input element.</msg>
<msg timestamp="20231129 14:43:11.510" level="INFO">Sending keys tiMo123</msg>
<status status="PASS" starttime="20231129 14:43:11.220" endtime="20231129 14:43:11.553"/>
</kw>
<kw name="Click Button" library="SeleniumLibrary">
<arg>xpath=//button[contains(text(), 'Sign up')]</arg>
<doc>Clicks the button identified by ``locator``.</doc>
<msg timestamp="20231129 14:43:11.553" level="INFO">Clicking button 'xpath=//button[contains(text(), 'Sign up')]'.</msg>
<status status="PASS" starttime="20231129 14:43:11.553" endtime="20231129 14:43:11.602"/>
</kw>
<kw name="Sleep" library="BuiltIn">
<arg>${Sleep}</arg>
<doc>Pauses the test executed for the given time.</doc>
<msg timestamp="20231129 14:43:14.603" level="INFO">Slept 3 seconds</msg>
<status status="PASS" starttime="20231129 14:43:11.602" endtime="20231129 14:43:14.603"/>
</kw>
<kw name="Page Should Contain" library="SeleniumLibrary">
<arg>Salasanan on oltava vähintään 8 merkkiä pitkä.</arg>
<doc>Verifies that current page contains ``text``.</doc>
<msg timestamp="20231129 14:43:14.612" level="INFO">Current page contains text 'Salasanan on oltava vähintään 8 merkkiä pitkä.'.</msg>
<status status="PASS" starttime="20231129 14:43:14.603" endtime="20231129 14:43:14.612"/>
</kw>
<kw name="Close Browser" library="SeleniumLibrary">
<doc>Closes the current browser.</doc>
<status status="PASS" starttime="20231129 14:43:14.612" endtime="20231129 14:43:16.672"/>
</kw>
<status status="PASS" starttime="20231129 14:43:08.798" endtime="20231129 14:43:16.672"/>
</test>
<test id="s1-t9" name="password does not contain required characters" line="114">
<kw name="Open Browser" library="SeleniumLibrary">
<arg>${LOGIN}</arg>
<arg>${Browser}</arg>
<doc>Opens a new browser instance to the optional ``url``.</doc>
<msg timestamp="20231129 14:43:16.674" level="INFO">Opening browser 'Chrome' to base url 'http://localhost:5173/login'.</msg>
<status status="PASS" starttime="20231129 14:43:16.674" endtime="20231129 14:43:18.358"/>
</kw>
<kw name="Wait Until Element Is Visible" library="SeleniumLibrary">
<arg>xpath=/html/body/div/div[2]/div/div[2]/div/div[1]/div/div/input</arg>
<doc>Waits until the element ``locator`` is visible.</doc>
<status status="PASS" starttime="20231129 14:43:18.358" endtime="20231129 14:43:18.376"/>
</kw>
<kw name="Click Button" library="SeleniumLibrary">
<arg>xpath=/html/body/div/div[2]/div/div[1]/div/div/div/button[2]</arg>
<doc>Clicks the button identified by ``locator``.</doc>
<msg timestamp="20231129 14:43:18.376" level="INFO">Clicking button 'xpath=/html/body/div/div[2]/div/div[1]/div/div/div/button[2]'.</msg>
<status status="PASS" starttime="20231129 14:43:18.376" endtime="20231129 14:43:18.438"/>
</kw>
<kw name="Press Keys" library="SeleniumLibrary">
<arg>xpath=/html/body/div/div[2]/div/div[2]/div[1]/div[1]/div/div/input</arg>
<arg>timo1</arg>
<doc>Simulates the user pressing key(s) to an element or on the active browser.</doc>
<msg timestamp="20231129 14:43:18.439" level="INFO">Sending key(s) ('timo1',) to xpath=/html/body/div/div[2]/div/div[2]/div[1]/div[1]/div/div/input element.</msg>
<msg timestamp="20231129 14:43:18.759" level="INFO">Sending keys timo1</msg>
<status status="PASS" starttime="20231129 14:43:18.439" endtime="20231129 14:43:18.795"/>
</kw>
<kw name="Press Keys" library="SeleniumLibrary">
<arg>xpath=/html/body/div/div[2]/div/div[2]/div[1]/div[2]/div/div/input</arg>
<arg>timo1234</arg>
<doc>Simulates the user pressing key(s) to an element or on the active browser.</doc>
<msg timestamp="20231129 14:43:18.796" level="INFO">Sending key(s) ('timo1234',) to xpath=/html/body/div/div[2]/div/div[2]/div[1]/div[2]/div/div/input element.</msg>
<msg timestamp="20231129 14:43:19.072" level="INFO">Sending keys timo1234</msg>
<status status="PASS" starttime="20231129 14:43:18.796" endtime="20231129 14:43:19.122"/>
</kw>
<kw name="Press Keys" library="SeleniumLibrary">
<arg>xpath=/html/body/div/div[2]/div/div[2]/div[1]/div[3]/div/div/input</arg>
<arg>timo1234</arg>
<doc>Simulates the user pressing key(s) to an element or on the active browser.</doc>
<msg timestamp="20231129 14:43:19.123" level="INFO">Sending key(s) ('timo1234',) to xpath=/html/body/div/div[2]/div/div[2]/div[1]/div[3]/div/div/input element.</msg>
<msg timestamp="20231129 14:43:19.402" level="INFO">Sending keys timo1234</msg>
<status status="PASS" starttime="20231129 14:43:19.122" endtime="20231129 14:43:19.450"/>
</kw>
<kw name="Click Button" library="SeleniumLibrary">
<arg>xpath=//button[contains(text(), 'Sign up')]</arg>
<doc>Clicks the button identified by ``locator``.</doc>
<msg timestamp="20231129 14:43:19.450" level="INFO">Clicking button 'xpath=//button[contains(text(), 'Sign up')]'.</msg>
<status status="PASS" starttime="20231129 14:43:19.450" endtime="20231129 14:43:19.499"/>
</kw>
<kw name="Sleep" library="BuiltIn">
<arg>${Sleep}</arg>
<doc>Pauses the test executed for the given time.</doc>
<msg timestamp="20231129 14:43:22.500" level="INFO">Slept 3 seconds</msg>
<status status="PASS" starttime="20231129 14:43:19.499" endtime="20231129 14:43:22.500"/>
</kw>
<kw name="Page Should Contain" library="SeleniumLibrary">
<arg>Sisältää vähintään yhden ison kirjaimen, yhden pienen kirjaimen ja yhden numeron.</arg>
<doc>Verifies that current page contains ``text``.</doc>
<msg timestamp="20231129 14:43:22.511" level="INFO">Current page contains text 'Sisältää vähintään yhden ison kirjaimen, yhden pienen kirjaimen ja yhden numeron.'.</msg>
<status status="PASS" starttime="20231129 14:43:22.500" endtime="20231129 14:43:22.511"/>
</kw>
<kw name="Close Browser" library="SeleniumLibrary">
<doc>Closes the current browser.</doc>
<status status="PASS" starttime="20231129 14:43:22.511" endtime="20231129 14:43:24.582"/>
</kw>
<status status="PASS" starttime="20231129 14:43:16.673" endtime="20231129 14:43:24.582"/>
</test>
<test id="s1-t10" name="passwords doesn't match" line="126">
<kw name="Open Browser" library="SeleniumLibrary">
<arg>${LOGIN}</arg>
<arg>${Browser}</arg>
<doc>Opens a new browser instance to the optional ``url``.</doc>
<msg timestamp="20231129 14:43:24.583" level="INFO">Opening browser 'Chrome' to base url 'http://localhost:5173/login'.</msg>
<status status="PASS" starttime="20231129 14:43:24.583" endtime="20231129 14:43:26.275"/>
</kw>
<kw name="Wait Until Element Is Visible" library="SeleniumLibrary">
<arg>xpath=/html/body/div/div[2]/div/div[2]/div/div[1]/div/div/input</arg>
<doc>Waits until the element ``locator`` is visible.</doc>
<status status="PASS" starttime="20231129 14:43:26.276" endtime="20231129 14:43:26.293"/>
</kw>
<kw name="Click Button" library="SeleniumLibrary">
<arg>xpath=/html/body/div/div[2]/div/div[1]/div/div/div/button[2]</arg>
<doc>Clicks the button identified by ``locator``.</doc>
<msg timestamp="20231129 14:43:26.293" level="INFO">Clicking button 'xpath=/html/body/div/div[2]/div/div[1]/div/div/div/button[2]'.</msg>
<status status="PASS" starttime="20231129 14:43:26.293" endtime="20231129 14:43:26.357"/>
</kw>
<kw name="Press Keys" library="SeleniumLibrary">
<arg>xpath=/html/body/div/div[2]/div/div[2]/div[1]/div[1]/div/div/input</arg>
<arg>timo1</arg>
<doc>Simulates the user pressing key(s) to an element or on the active browser.</doc>
<msg timestamp="20231129 14:43:26.358" level="INFO">Sending key(s) ('timo1',) to xpath=/html/body/div/div[2]/div/div[2]/div[1]/div[1]/div/div/input element.</msg>
<msg timestamp="20231129 14:43:26.663" level="INFO">Sending keys timo1</msg>
<status status="PASS" starttime="20231129 14:43:26.358" endtime="20231129 14:43:26.702"/>
</kw>
<kw name="Press Keys" library="SeleniumLibrary">
<arg>xpath=/html/body/div/div[2]/div/div[2]/div[1]/div[2]/div/div/input</arg>
<arg>tiMo1234</arg>
<doc>Simulates the user pressing key(s) to an element or on the active browser.</doc>
<msg timestamp="20231129 14:43:26.702" level="INFO">Sending key(s) ('tiMo1234',) to xpath=/html/body/div/div[2]/div/div[2]/div[1]/div[2]/div/div/input element.</msg>
<msg timestamp="20231129 14:43:26.978" level="INFO">Sending keys tiMo1234</msg>
<status status="PASS" starttime="20231129 14:43:26.702" endtime="20231129 14:43:27.024"/>
</kw>
<kw name="Press Keys" library="SeleniumLibrary">
<arg>xpath=/html/body/div/div[2]/div/div[2]/div[1]/div[3]/div/div/input</arg>
<arg>tiMo1235</arg>
<doc>Simulates the user pressing key(s) to an element or on the active browser.</doc>
<msg timestamp="20231129 14:43:27.025" level="INFO">Sending key(s) ('tiMo1235',) to xpath=/html/body/div/div[2]/div/div[2]/div[1]/div[3]/div/div/input element.</msg>
<msg timestamp="20231129 14:43:27.306" level="INFO">Sending keys tiMo1235</msg>
<status status="PASS" starttime="20231129 14:43:27.025" endtime="20231129 14:43:27.357"/>
</kw>
<kw name="Click Button" library="SeleniumLibrary">
<arg>xpath=//button[contains(text(), 'Sign up')]</arg>
<doc>Clicks the button identified by ``locator``.</doc>
<msg timestamp="20231129 14:43:27.358" level="INFO">Clicking button 'xpath=//button[contains(text(), 'Sign up')]'.</msg>
<status status="PASS" starttime="20231129 14:43:27.358" endtime="20231129 14:43:27.408"/>
</kw>
<kw name="Sleep" library="BuiltIn">
<arg>${Sleep}</arg>
<doc>Pauses the test executed for the given time.</doc>
<msg timestamp="20231129 14:43:30.409" level="INFO">Slept 3 seconds</msg>
<status status="PASS" starttime="20231129 14:43:27.408" endtime="20231129 14:43:30.409"/>
</kw>
<kw name="Page Should Contain" library="SeleniumLibrary">
<arg>Salasanat eivät täsmää</arg>
<doc>Verifies that current page contains ``text``.</doc>
<msg timestamp="20231129 14:43:30.420" level="INFO">Current page contains text 'Salasanat eivät täsmää'.</msg>
<status status="PASS" starttime="20231129 14:43:30.409" endtime="20231129 14:43:30.420"/>
</kw>
<kw name="Close Browser" library="SeleniumLibrary">
<doc>Closes the current browser.</doc>
<status status="PASS" starttime="20231129 14:43:30.420" endtime="20231129 14:43:32.491"/>
</kw>
<status status="PASS" starttime="20231129 14:43:24.582" endtime="20231129 14:43:32.491"/>
</test>
<test id="s1-t11" name="Make new user" line="138">
<kw name="Open Browser" library="SeleniumLibrary">
<arg>${LOGIN}</arg>
<arg>${Browser}</arg>
<doc>Opens a new browser instance to the optional ``url``.</doc>
<msg timestamp="20231129 14:43:32.493" level="INFO">Opening browser 'Chrome' to base url 'http://localhost:5173/login'.</msg>
<status status="PASS" starttime="20231129 14:43:32.493" endtime="20231129 14:43:34.176"/>
</kw>
<kw name="Wait Until Element Is Visible" library="SeleniumLibrary">
<arg>xpath=/html/body/div/div[2]/div/div[1]/div/div/div/button[2]</arg>
<doc>Waits until the element ``locator`` is visible.</doc>
<status status="PASS" starttime="20231129 14:43:34.176" endtime="20231129 14:43:34.194"/>
</kw>
<kw name="Click Button" library="SeleniumLibrary">
<arg>xpath=/html/body/div/div[2]/div/div[1]/div/div/div/button[2]</arg>
<doc>Clicks the button identified by ``locator``.</doc>
<msg timestamp="20231129 14:43:34.195" level="INFO">Clicking button 'xpath=/html/body/div/div[2]/div/div[1]/div/div/div/button[2]'.</msg>
<status status="PASS" starttime="20231129 14:43:34.195" endtime="20231129 14:43:34.255"/>
</kw>
<kw name="Press Keys" library="SeleniumLibrary">
<arg>xpath=/html/body/div/div[2]/div/div[2]/div[1]/div[1]/div/div/input</arg>
<arg>timo</arg>
<doc>Simulates the user pressing key(s) to an element or on the active browser.</doc>
<msg timestamp="20231129 14:43:34.256" level="INFO">Sending key(s) ('timo',) to xpath=/html/body/div/div[2]/div/div[2]/div[1]/div[1]/div/div/input element.</msg>
<msg timestamp="20231129 14:43:34.565" level="INFO">Sending keys timo</msg>
<status status="PASS" starttime="20231129 14:43:34.256" endtime="20231129 14:43:34.596"/>
</kw>
<kw name="Press Keys" library="SeleniumLibrary">
<arg>xpath=/html/body/div/div[2]/div/div[2]/div[1]/div[2]/div/div/input</arg>
<arg>tiMo1234</arg>
<doc>Simulates the user pressing key(s) to an element or on the active browser.</doc>
<msg timestamp="20231129 14:43:34.597" level="INFO">Sending key(s) ('tiMo1234',) to xpath=/html/body/div/div[2]/div/div[2]/div[1]/div[2]/div/div/input element.</msg>
<msg timestamp="20231129 14:43:34.882" level="INFO">Sending keys tiMo1234</msg>
<status status="PASS" starttime="20231129 14:43:34.597" endtime="20231129 14:43:34.931"/>
</kw>
<kw name="Press Keys" library="SeleniumLibrary">
<arg>xpath=/html/body/div/div[2]/div/div[2]/div[1]/div[3]/div/div/input</arg>
<arg>tiMo1234</arg>
<doc>Simulates the user pressing key(s) to an element or on the active browser.</doc>
<msg timestamp="20231129 14:43:34.932" level="INFO">Sending key(s) ('tiMo1234',) to xpath=/html/body/div/div[2]/div/div[2]/div[1]/div[3]/div/div/input element.</msg>
<msg timestamp="20231129 14:43:35.210" level="INFO">Sending keys tiMo1234</msg>
<status status="PASS" starttime="20231129 14:43:34.932" endtime="20231129 14:43:35.261"/>
</kw>
<kw name="Click Button" library="SeleniumLibrary">
<arg>xpath=//button[contains(text(), 'Sign up')]</arg>
<doc>Clicks the button identified by ``locator``.</doc>
<msg timestamp="20231129 14:43:35.261" level="INFO">Clicking button 'xpath=//button[contains(text(), 'Sign up')]'.</msg>
<status status="PASS" starttime="20231129 14:43:35.261" endtime="20231129 14:43:35.302"/>
</kw>
<kw name="Sleep" library="BuiltIn">
<arg>${Sleep}</arg>
<doc>Pauses the test executed for the given time.</doc>
<msg timestamp="20231129 14:43:38.303" level="INFO">Slept 3 seconds</msg>
<status status="PASS" starttime="20231129 14:43:35.303" endtime="20231129 14:43:38.303"/>
</kw>
<kw name="Page Should Contain" library="SeleniumLibrary">
<arg>Käyttäjän luonti onnistui!</arg>
<doc>Verifies that current page contains ``text``.</doc>
<msg timestamp="20231129 14:43:38.314" level="INFO">Current page contains text 'Käyttäjän luonti onnistui!'.</msg>
<status status="PASS" starttime="20231129 14:43:38.303" endtime="20231129 14:43:38.314"/>
</kw>
<kw name="Close Browser" library="SeleniumLibrary">
<doc>Closes the current browser.</doc>
<status status="PASS" starttime="20231129 14:43:38.314" endtime="20231129 14:43:40.384"/>
</kw>
<status status="PASS" starttime="20231129 14:43:32.492" endtime="20231129 14:43:40.384"/>
</test>
<doc>Workcalculator sovelluksen testaukseen</doc>
<status status="PASS" starttime="20231129 14:42:20.450" endtime="20231129 14:43:40.386"/>
</suite>
<statistics>
<total>
<stat pass="11" fail="0" skip="0">All Tests</stat>
</total>
<tag>
</tag>
<suite>
<stat pass="11" fail="0" skip="0" id="s1" name="WorkcalcFront">WorkcalcFront</stat>
</suite>
</statistics>
<errors>
</errors>
</robot>
